<?xml version="1.0" encoding="UTF-8"?>
<Site BuildName="(empty)"
	BuildStamp="20241115-2152-Experimental"
	Name="bhavana-virtual-machine"
	Generator="ctest-3.22.1"
	CompilerName="/usr/bin/c++"
	CompilerVersion="11.4.0"
	OSName="Linux"
	Hostname="bhavana-virtual-machine"
	OSRelease="6.8.0-48-generic"
	OSVersion="#48~22.04.1-Ubuntu SMP PREEMPT_DYNAMIC Mon Oct  7 11:24:13 UTC 2"
	OSPlatform="x86_64"
	Is64Bits="1"
	VendorString="GenuineIntel"
	VendorID="Intel Corporation"
	FamilyID="6"
	ModelID="154"
	ProcessorCacheSize="18432"
	NumberOfLogicalCPU="4"
	NumberOfPhysicalCPU="4"
	TotalVirtualMemory="3897"
	TotalPhysicalMemory="3868"
	LogicalProcessorsPerPhysical="1"
	ProcessorClockFrequency="3110.4"
	>
	<Testing>
		<StartDateTime>Nov 15 16:52 EST</StartDateTime>
		<StartTestTime>1731707562</StartTestTime>
		<TestList>
			<Test>./cppcheck</Test>
			<Test>./flake8</Test>
			<Test>./lint_cmake</Test>
			<Test>./pep257</Test>
			<Test>./uncrustify</Test>
			<Test>./xmllint</Test>
		</TestList>
		<Test Status="passed">
			<Name>cppcheck</Name>
			<Path>.</Path>
			<FullName>./cppcheck</FullName>
			<FullCommandLine>/usr/bin/python3 "-u" "/opt/ros/humble/share/ament_cmake_test/cmake/run_test.py" "/home/bhavana/my_beginner_tutorials/build/beginner_tutorials/test_results/beginner_tutorials/cppcheck.xunit.xml" "--package-name" "beginner_tutorials" "--output-file" "/home/bhavana/my_beginner_tutorials/build/beginner_tutorials/ament_cppcheck/cppcheck.txt" "--command" "/opt/ros/humble/bin/ament_cppcheck" "--xunit-file" "/home/bhavana/my_beginner_tutorials/build/beginner_tutorials/test_results/beginner_tutorials/cppcheck.xunit.xml"</FullCommandLine>
			<Results>
				<NamedMeasurement type="numeric/double" name="Execution Time">
					<Value>0.11997</Value>
				</NamedMeasurement>
				<NamedMeasurement type="numeric/double" name="Processors">
					<Value>1</Value>
				</NamedMeasurement>
				<NamedMeasurement type="text/string" name="Completion Status">
					<Value>Completed</Value>
				</NamedMeasurement>
				<NamedMeasurement type="text/string" name="Command Line">
					<Value>/usr/bin/python3 "-u" "/opt/ros/humble/share/ament_cmake_test/cmake/run_test.py" "/home/bhavana/my_beginner_tutorials/build/beginner_tutorials/test_results/beginner_tutorials/cppcheck.xunit.xml" "--package-name" "beginner_tutorials" "--output-file" "/home/bhavana/my_beginner_tutorials/build/beginner_tutorials/ament_cppcheck/cppcheck.txt" "--command" "/opt/ros/humble/bin/ament_cppcheck" "--xunit-file" "/home/bhavana/my_beginner_tutorials/build/beginner_tutorials/test_results/beginner_tutorials/cppcheck.xunit.xml"</Value>
				</NamedMeasurement>
				<NamedMeasurement type="text/string" name="Environment">
					<Value>#CTEST_RESOURCE_GROUP_COUNT=</Value>
				</NamedMeasurement>
				<Measurement>
					<Value>-- run_test.py: invoking following command in '/home/bhavana/my_beginner_tutorials/src/beginner_tutorials':
 - /opt/ros/humble/bin/ament_cppcheck --xunit-file /home/bhavana/my_beginner_tutorials/build/beginner_tutorials/test_results/beginner_tutorials/cppcheck.xunit.xml
cppcheck 2.7 has known performance issues and therefore will not be used, set the AMENT_CPPCHECK_ALLOW_SLOW_VERSIONS environment variable to override this.
-- run_test.py: return code 0
-- run_test.py: verify result file '/home/bhavana/my_beginner_tutorials/build/beginner_tutorials/test_results/beginner_tutorials/cppcheck.xunit.xml'
</Value>
				</Measurement>
			</Results>
			<Labels>
				<Label>cppcheck</Label>
				<Label>linter</Label>
			</Labels>
		</Test>
		<Test Status="passed">
			<Name>flake8</Name>
			<Path>.</Path>
			<FullName>./flake8</FullName>
			<FullCommandLine>/usr/bin/python3 "-u" "/opt/ros/humble/share/ament_cmake_test/cmake/run_test.py" "/home/bhavana/my_beginner_tutorials/build/beginner_tutorials/test_results/beginner_tutorials/flake8.xunit.xml" "--package-name" "beginner_tutorials" "--output-file" "/home/bhavana/my_beginner_tutorials/build/beginner_tutorials/ament_flake8/flake8.txt" "--command" "/opt/ros/humble/bin/ament_flake8" "--xunit-file" "/home/bhavana/my_beginner_tutorials/build/beginner_tutorials/test_results/beginner_tutorials/flake8.xunit.xml"</FullCommandLine>
			<Results>
				<NamedMeasurement type="numeric/double" name="Execution Time">
					<Value>0.193218</Value>
				</NamedMeasurement>
				<NamedMeasurement type="numeric/double" name="Processors">
					<Value>1</Value>
				</NamedMeasurement>
				<NamedMeasurement type="text/string" name="Completion Status">
					<Value>Completed</Value>
				</NamedMeasurement>
				<NamedMeasurement type="text/string" name="Command Line">
					<Value>/usr/bin/python3 "-u" "/opt/ros/humble/share/ament_cmake_test/cmake/run_test.py" "/home/bhavana/my_beginner_tutorials/build/beginner_tutorials/test_results/beginner_tutorials/flake8.xunit.xml" "--package-name" "beginner_tutorials" "--output-file" "/home/bhavana/my_beginner_tutorials/build/beginner_tutorials/ament_flake8/flake8.txt" "--command" "/opt/ros/humble/bin/ament_flake8" "--xunit-file" "/home/bhavana/my_beginner_tutorials/build/beginner_tutorials/test_results/beginner_tutorials/flake8.xunit.xml"</Value>
				</NamedMeasurement>
				<NamedMeasurement type="text/string" name="Environment">
					<Value>#CTEST_RESOURCE_GROUP_COUNT=</Value>
				</NamedMeasurement>
				<Measurement>
					<Value>-- run_test.py: invoking following command in '/home/bhavana/my_beginner_tutorials/src/beginner_tutorials':
 - /opt/ros/humble/bin/ament_flake8 --xunit-file /home/bhavana/my_beginner_tutorials/build/beginner_tutorials/test_results/beginner_tutorials/flake8.xunit.xml

2 files checked
No problems found

Checked files:

* ./launch/ros_bag_launch.py
* ./launch/minimal_pubsub_launch.py
-- run_test.py: return code 0
-- run_test.py: verify result file '/home/bhavana/my_beginner_tutorials/build/beginner_tutorials/test_results/beginner_tutorials/flake8.xunit.xml'
</Value>
				</Measurement>
			</Results>
			<Labels>
				<Label>flake8</Label>
				<Label>linter</Label>
			</Labels>
		</Test>
		<Test Status="passed">
			<Name>lint_cmake</Name>
			<Path>.</Path>
			<FullName>./lint_cmake</FullName>
			<FullCommandLine>/usr/bin/python3 "-u" "/opt/ros/humble/share/ament_cmake_test/cmake/run_test.py" "/home/bhavana/my_beginner_tutorials/build/beginner_tutorials/test_results/beginner_tutorials/lint_cmake.xunit.xml" "--package-name" "beginner_tutorials" "--output-file" "/home/bhavana/my_beginner_tutorials/build/beginner_tutorials/ament_lint_cmake/lint_cmake.txt" "--command" "/opt/ros/humble/bin/ament_lint_cmake" "--xunit-file" "/home/bhavana/my_beginner_tutorials/build/beginner_tutorials/test_results/beginner_tutorials/lint_cmake.xunit.xml"</FullCommandLine>
			<Results>
				<NamedMeasurement type="numeric/double" name="Execution Time">
					<Value>0.100514</Value>
				</NamedMeasurement>
				<NamedMeasurement type="numeric/double" name="Processors">
					<Value>1</Value>
				</NamedMeasurement>
				<NamedMeasurement type="text/string" name="Completion Status">
					<Value>Completed</Value>
				</NamedMeasurement>
				<NamedMeasurement type="text/string" name="Command Line">
					<Value>/usr/bin/python3 "-u" "/opt/ros/humble/share/ament_cmake_test/cmake/run_test.py" "/home/bhavana/my_beginner_tutorials/build/beginner_tutorials/test_results/beginner_tutorials/lint_cmake.xunit.xml" "--package-name" "beginner_tutorials" "--output-file" "/home/bhavana/my_beginner_tutorials/build/beginner_tutorials/ament_lint_cmake/lint_cmake.txt" "--command" "/opt/ros/humble/bin/ament_lint_cmake" "--xunit-file" "/home/bhavana/my_beginner_tutorials/build/beginner_tutorials/test_results/beginner_tutorials/lint_cmake.xunit.xml"</Value>
				</NamedMeasurement>
				<NamedMeasurement type="text/string" name="Environment">
					<Value>#CTEST_RESOURCE_GROUP_COUNT=</Value>
				</NamedMeasurement>
				<Measurement>
					<Value>-- run_test.py: invoking following command in '/home/bhavana/my_beginner_tutorials/src/beginner_tutorials':
 - /opt/ros/humble/bin/ament_lint_cmake --xunit-file /home/bhavana/my_beginner_tutorials/build/beginner_tutorials/test_results/beginner_tutorials/lint_cmake.xunit.xml

No problems found
-- run_test.py: return code 0
-- run_test.py: verify result file '/home/bhavana/my_beginner_tutorials/build/beginner_tutorials/test_results/beginner_tutorials/lint_cmake.xunit.xml'
</Value>
				</Measurement>
			</Results>
			<Labels>
				<Label>lint_cmake</Label>
				<Label>linter</Label>
			</Labels>
		</Test>
		<Test Status="passed">
			<Name>pep257</Name>
			<Path>.</Path>
			<FullName>./pep257</FullName>
			<FullCommandLine>/usr/bin/python3 "-u" "/opt/ros/humble/share/ament_cmake_test/cmake/run_test.py" "/home/bhavana/my_beginner_tutorials/build/beginner_tutorials/test_results/beginner_tutorials/pep257.xunit.xml" "--package-name" "beginner_tutorials" "--output-file" "/home/bhavana/my_beginner_tutorials/build/beginner_tutorials/ament_pep257/pep257.txt" "--command" "/opt/ros/humble/bin/ament_pep257" "--xunit-file" "/home/bhavana/my_beginner_tutorials/build/beginner_tutorials/test_results/beginner_tutorials/pep257.xunit.xml"</FullCommandLine>
			<Results>
				<NamedMeasurement type="numeric/double" name="Execution Time">
					<Value>0.135396</Value>
				</NamedMeasurement>
				<NamedMeasurement type="numeric/double" name="Processors">
					<Value>1</Value>
				</NamedMeasurement>
				<NamedMeasurement type="text/string" name="Completion Status">
					<Value>Completed</Value>
				</NamedMeasurement>
				<NamedMeasurement type="text/string" name="Command Line">
					<Value>/usr/bin/python3 "-u" "/opt/ros/humble/share/ament_cmake_test/cmake/run_test.py" "/home/bhavana/my_beginner_tutorials/build/beginner_tutorials/test_results/beginner_tutorials/pep257.xunit.xml" "--package-name" "beginner_tutorials" "--output-file" "/home/bhavana/my_beginner_tutorials/build/beginner_tutorials/ament_pep257/pep257.txt" "--command" "/opt/ros/humble/bin/ament_pep257" "--xunit-file" "/home/bhavana/my_beginner_tutorials/build/beginner_tutorials/test_results/beginner_tutorials/pep257.xunit.xml"</Value>
				</NamedMeasurement>
				<NamedMeasurement type="text/string" name="Environment">
					<Value>#CTEST_RESOURCE_GROUP_COUNT=</Value>
				</NamedMeasurement>
				<Measurement>
					<Value>-- run_test.py: invoking following command in '/home/bhavana/my_beginner_tutorials/src/beginner_tutorials':
 - /opt/ros/humble/bin/ament_pep257 --xunit-file /home/bhavana/my_beginner_tutorials/build/beginner_tutorials/test_results/beginner_tutorials/pep257.xunit.xml
checking ./launch/minimal_pubsub_launch.py
checking ./launch/ros_bag_launch.py
No problems found
-- run_test.py: return code 0
-- run_test.py: verify result file '/home/bhavana/my_beginner_tutorials/build/beginner_tutorials/test_results/beginner_tutorials/pep257.xunit.xml'
</Value>
				</Measurement>
			</Results>
			<Labels>
				<Label>linter</Label>
				<Label>pep257</Label>
			</Labels>
		</Test>
		<Test Status="passed">
			<Name>uncrustify</Name>
			<Path>.</Path>
			<FullName>./uncrustify</FullName>
			<FullCommandLine>/usr/bin/python3 "-u" "/opt/ros/humble/share/ament_cmake_test/cmake/run_test.py" "/home/bhavana/my_beginner_tutorials/build/beginner_tutorials/test_results/beginner_tutorials/uncrustify.xunit.xml" "--package-name" "beginner_tutorials" "--output-file" "/home/bhavana/my_beginner_tutorials/build/beginner_tutorials/ament_uncrustify/uncrustify.txt" "--command" "/opt/ros/humble/bin/ament_uncrustify" "--xunit-file" "/home/bhavana/my_beginner_tutorials/build/beginner_tutorials/test_results/beginner_tutorials/uncrustify.xunit.xml"</FullCommandLine>
			<Results>
				<NamedMeasurement type="numeric/double" name="Execution Time">
					<Value>0.117262</Value>
				</NamedMeasurement>
				<NamedMeasurement type="numeric/double" name="Processors">
					<Value>1</Value>
				</NamedMeasurement>
				<NamedMeasurement type="text/string" name="Completion Status">
					<Value>Completed</Value>
				</NamedMeasurement>
				<NamedMeasurement type="text/string" name="Command Line">
					<Value>/usr/bin/python3 "-u" "/opt/ros/humble/share/ament_cmake_test/cmake/run_test.py" "/home/bhavana/my_beginner_tutorials/build/beginner_tutorials/test_results/beginner_tutorials/uncrustify.xunit.xml" "--package-name" "beginner_tutorials" "--output-file" "/home/bhavana/my_beginner_tutorials/build/beginner_tutorials/ament_uncrustify/uncrustify.txt" "--command" "/opt/ros/humble/bin/ament_uncrustify" "--xunit-file" "/home/bhavana/my_beginner_tutorials/build/beginner_tutorials/test_results/beginner_tutorials/uncrustify.xunit.xml"</Value>
				</NamedMeasurement>
				<NamedMeasurement type="text/string" name="Environment">
					<Value>#CTEST_RESOURCE_GROUP_COUNT=</Value>
				</NamedMeasurement>
				<Measurement>
					<Value>-- run_test.py: invoking following command in '/home/bhavana/my_beginner_tutorials/src/beginner_tutorials':
 - /opt/ros/humble/bin/ament_uncrustify --xunit-file /home/bhavana/my_beginner_tutorials/build/beginner_tutorials/test_results/beginner_tutorials/uncrustify.xunit.xml
No code style divergence in file 'src/publisher_member_function.cpp'

No code style divergence in file 'src/subscriber_member_function.cpp'

No code style divergence in file 'test/test_talker.cpp'

No problems found
-- run_test.py: return code 0
-- run_test.py: verify result file '/home/bhavana/my_beginner_tutorials/build/beginner_tutorials/test_results/beginner_tutorials/uncrustify.xunit.xml'
</Value>
				</Measurement>
			</Results>
			<Labels>
				<Label>linter</Label>
				<Label>uncrustify</Label>
			</Labels>
		</Test>
		<Test Status="passed">
			<Name>xmllint</Name>
			<Path>.</Path>
			<FullName>./xmllint</FullName>
			<FullCommandLine>/usr/bin/python3 "-u" "/opt/ros/humble/share/ament_cmake_test/cmake/run_test.py" "/home/bhavana/my_beginner_tutorials/build/beginner_tutorials/test_results/beginner_tutorials/xmllint.xunit.xml" "--package-name" "beginner_tutorials" "--output-file" "/home/bhavana/my_beginner_tutorials/build/beginner_tutorials/ament_xmllint/xmllint.txt" "--command" "/opt/ros/humble/bin/ament_xmllint" "--xunit-file" "/home/bhavana/my_beginner_tutorials/build/beginner_tutorials/test_results/beginner_tutorials/xmllint.xunit.xml"</FullCommandLine>
			<Results>
				<NamedMeasurement type="numeric/double" name="Execution Time">
					<Value>0.447383</Value>
				</NamedMeasurement>
				<NamedMeasurement type="numeric/double" name="Processors">
					<Value>1</Value>
				</NamedMeasurement>
				<NamedMeasurement type="text/string" name="Completion Status">
					<Value>Completed</Value>
				</NamedMeasurement>
				<NamedMeasurement type="text/string" name="Command Line">
					<Value>/usr/bin/python3 "-u" "/opt/ros/humble/share/ament_cmake_test/cmake/run_test.py" "/home/bhavana/my_beginner_tutorials/build/beginner_tutorials/test_results/beginner_tutorials/xmllint.xunit.xml" "--package-name" "beginner_tutorials" "--output-file" "/home/bhavana/my_beginner_tutorials/build/beginner_tutorials/ament_xmllint/xmllint.txt" "--command" "/opt/ros/humble/bin/ament_xmllint" "--xunit-file" "/home/bhavana/my_beginner_tutorials/build/beginner_tutorials/test_results/beginner_tutorials/xmllint.xunit.xml"</Value>
				</NamedMeasurement>
				<NamedMeasurement type="text/string" name="Environment">
					<Value>#CTEST_RESOURCE_GROUP_COUNT=</Value>
				</NamedMeasurement>
				<Measurement>
					<Value>-- run_test.py: invoking following command in '/home/bhavana/my_beginner_tutorials/src/beginner_tutorials':
 - /opt/ros/humble/bin/ament_xmllint --xunit-file /home/bhavana/my_beginner_tutorials/build/beginner_tutorials/test_results/beginner_tutorials/xmllint.xunit.xml
File 'package.xml' is valid

No problems found
-- run_test.py: return code 0
-- run_test.py: verify result file '/home/bhavana/my_beginner_tutorials/build/beginner_tutorials/test_results/beginner_tutorials/xmllint.xunit.xml'
</Value>
				</Measurement>
			</Results>
			<Labels>
				<Label>linter</Label>
				<Label>xmllint</Label>
			</Labels>
		</Test>
		<EndDateTime>Nov 15 16:52 EST</EndDateTime>
		<EndTestTime>1731707563</EndTestTime>
		<ElapsedMinutes>0</ElapsedMinutes>
	</Testing>
</Site>
