<?xml version="1.0" encoding="UTF-8"?>
<Site BuildName="(empty)"
	BuildStamp="20241115-2147-Experimental"
	Name="bhavana-virtual-machine"
	Generator="ctest-3.22.1"
	CompilerName="/usr/bin/c++"
	CompilerVersion="11.4.0"
	OSName="Linux"
	Hostname="bhavana-virtual-machine"
	OSRelease="6.8.0-48-generic"
	OSVersion="#48~22.04.1-Ubuntu SMP PREEMPT_DYNAMIC Mon Oct  7 11:24:13 UTC 2"
	OSPlatform="x86_64"
	Is64Bits="1"
	VendorString="GenuineIntel"
	VendorID="Intel Corporation"
	FamilyID="6"
	ModelID="154"
	ProcessorCacheSize="18432"
	NumberOfLogicalCPU="4"
	NumberOfPhysicalCPU="4"
	TotalVirtualMemory="3897"
	TotalPhysicalMemory="3868"
	LogicalProcessorsPerPhysical="1"
	ProcessorClockFrequency="3110.4"
	>
	<Testing>
		<StartDateTime>Nov 15 16:47 EST</StartDateTime>
		<StartTestTime>1731707270</StartTestTime>
		<TestList>
			<Test>./cppcheck</Test>
			<Test>./flake8</Test>
			<Test>./lint_cmake</Test>
			<Test>./pep257</Test>
			<Test>./uncrustify</Test>
			<Test>./xmllint</Test>
		</TestList>
		<Test Status="passed">
			<Name>cppcheck</Name>
			<Path>.</Path>
			<FullName>./cppcheck</FullName>
			<FullCommandLine>/usr/bin/python3 "-u" "/opt/ros/humble/share/ament_cmake_test/cmake/run_test.py" "/home/bhavana/my_beginner_tutorials/build/beginner_tutorials/test_results/beginner_tutorials/cppcheck.xunit.xml" "--package-name" "beginner_tutorials" "--output-file" "/home/bhavana/my_beginner_tutorials/build/beginner_tutorials/ament_cppcheck/cppcheck.txt" "--command" "/opt/ros/humble/bin/ament_cppcheck" "--xunit-file" "/home/bhavana/my_beginner_tutorials/build/beginner_tutorials/test_results/beginner_tutorials/cppcheck.xunit.xml"</FullCommandLine>
			<Results>
				<NamedMeasurement type="numeric/double" name="Execution Time">
					<Value>0.108764</Value>
				</NamedMeasurement>
				<NamedMeasurement type="numeric/double" name="Processors">
					<Value>1</Value>
				</NamedMeasurement>
				<NamedMeasurement type="text/string" name="Completion Status">
					<Value>Completed</Value>
				</NamedMeasurement>
				<NamedMeasurement type="text/string" name="Command Line">
					<Value>/usr/bin/python3 "-u" "/opt/ros/humble/share/ament_cmake_test/cmake/run_test.py" "/home/bhavana/my_beginner_tutorials/build/beginner_tutorials/test_results/beginner_tutorials/cppcheck.xunit.xml" "--package-name" "beginner_tutorials" "--output-file" "/home/bhavana/my_beginner_tutorials/build/beginner_tutorials/ament_cppcheck/cppcheck.txt" "--command" "/opt/ros/humble/bin/ament_cppcheck" "--xunit-file" "/home/bhavana/my_beginner_tutorials/build/beginner_tutorials/test_results/beginner_tutorials/cppcheck.xunit.xml"</Value>
				</NamedMeasurement>
				<NamedMeasurement type="text/string" name="Environment">
					<Value>#CTEST_RESOURCE_GROUP_COUNT=</Value>
				</NamedMeasurement>
				<Measurement>
					<Value>-- run_test.py: invoking following command in '/home/bhavana/my_beginner_tutorials/src/beginner_tutorials':
 - /opt/ros/humble/bin/ament_cppcheck --xunit-file /home/bhavana/my_beginner_tutorials/build/beginner_tutorials/test_results/beginner_tutorials/cppcheck.xunit.xml
cppcheck 2.7 has known performance issues and therefore will not be used, set the AMENT_CPPCHECK_ALLOW_SLOW_VERSIONS environment variable to override this.
-- run_test.py: return code 0
-- run_test.py: verify result file '/home/bhavana/my_beginner_tutorials/build/beginner_tutorials/test_results/beginner_tutorials/cppcheck.xunit.xml'
</Value>
				</Measurement>
			</Results>
			<Labels>
				<Label>cppcheck</Label>
				<Label>linter</Label>
			</Labels>
		</Test>
		<Test Status="failed">
			<Name>flake8</Name>
			<Path>.</Path>
			<FullName>./flake8</FullName>
			<FullCommandLine>/usr/bin/python3 "-u" "/opt/ros/humble/share/ament_cmake_test/cmake/run_test.py" "/home/bhavana/my_beginner_tutorials/build/beginner_tutorials/test_results/beginner_tutorials/flake8.xunit.xml" "--package-name" "beginner_tutorials" "--output-file" "/home/bhavana/my_beginner_tutorials/build/beginner_tutorials/ament_flake8/flake8.txt" "--command" "/opt/ros/humble/bin/ament_flake8" "--xunit-file" "/home/bhavana/my_beginner_tutorials/build/beginner_tutorials/test_results/beginner_tutorials/flake8.xunit.xml"</FullCommandLine>
			<Results>
				<NamedMeasurement type="text/string" name="Exit Code">
					<Value>Failed</Value>
				</NamedMeasurement>
				<NamedMeasurement type="text/string" name="Exit Value">
					<Value>1</Value>
				</NamedMeasurement>
				<NamedMeasurement type="numeric/double" name="Execution Time">
					<Value>0.179401</Value>
				</NamedMeasurement>
				<NamedMeasurement type="numeric/double" name="Processors">
					<Value>1</Value>
				</NamedMeasurement>
				<NamedMeasurement type="text/string" name="Completion Status">
					<Value>Completed</Value>
				</NamedMeasurement>
				<NamedMeasurement type="text/string" name="Command Line">
					<Value>/usr/bin/python3 "-u" "/opt/ros/humble/share/ament_cmake_test/cmake/run_test.py" "/home/bhavana/my_beginner_tutorials/build/beginner_tutorials/test_results/beginner_tutorials/flake8.xunit.xml" "--package-name" "beginner_tutorials" "--output-file" "/home/bhavana/my_beginner_tutorials/build/beginner_tutorials/ament_flake8/flake8.txt" "--command" "/opt/ros/humble/bin/ament_flake8" "--xunit-file" "/home/bhavana/my_beginner_tutorials/build/beginner_tutorials/test_results/beginner_tutorials/flake8.xunit.xml"</Value>
				</NamedMeasurement>
				<NamedMeasurement type="text/string" name="Environment">
					<Value>#CTEST_RESOURCE_GROUP_COUNT=</Value>
				</NamedMeasurement>
				<Measurement>
					<Value>-- run_test.py: invoking following command in '/home/bhavana/my_beginner_tutorials/src/beginner_tutorials':
 - /opt/ros/humble/bin/ament_flake8 --xunit-file /home/bhavana/my_beginner_tutorials/build/beginner_tutorials/test_results/beginner_tutorials/flake8.xunit.xml
def generate_launch_description():
^
    """
    Generates the launch description for the Talker and Listener nodes.

    This function defines the launch configuration for two nodes in the ROS2 system:
    - Talker Node: Publishes messages at a specified frequency.
    - Listener Node: Subscribes to the Talker node's messages and logs them at the specified log level.

    The log levels for both nodes are configurable via launch arguments, with default values set to 'INFO'.
    
    @return LaunchDescription: The launch description for the ROS2 nodes.
    """
       
                                                                       

                  ^
    """
    Generates the launch description for the Talker and Listener nodes.

    This function defines the launch configuration for two nodes in the ROS2 system:
    - Talker Node: Publishes messages at a specified frequency.
    - Listener Node: Subscribes to the Talker node's messages and logs them at the specified log level.

    The log levels for both nodes are configurable via launch arguments, with default values set to 'INFO'.
    
    @return LaunchDescription: The launch description for the ROS2 nodes.
    """
       
                                                                       

                  ^
    """
    Generates the launch description for the Talker and Listener nodes.

    This function defines the launch configuration for two nodes in the ROS2 system:
    - Talker Node: Publishes messages at a specified frequency.
    - Listener Node: Subscribes to the Talker node's messages and logs them at the specified log level.

    The log levels for both nodes are configurable via launch arguments, with default values set to 'INFO'.
    
    @return LaunchDescription: The launch description for the ROS2 nodes.
    """
^
                'publish_frequency': LaunchConfiguration('publish_frequency')  # The frequency at which messages are published
                                                                                                   ^
            arguments=['--ros-args', '--log-level', LaunchConfiguration('log_level_talker')]  # Argument to set the log level for the Talker node
                                                                                                   ^
            arguments=['--ros-args', '--log-level', LaunchConfiguration('log_level_listener')]  # Argument to set the log level for the Listener node
                                                                                                   ^
1     E302 expected 2 blank lines, found 1
5     E501 line too long (103 &gt; 99 characters)
1     W293 blank line contains whitespace

./launch/minimal_pubsub_launch.py:6:1: E302 expected 2 blank lines, found 1

./launch/minimal_pubsub_launch.py:12:100: E501 line too long (103 &gt; 99 characters)

./launch/minimal_pubsub_launch.py:14:100: E501 line too long (107 &gt; 99 characters)

./launch/minimal_pubsub_launch.py:15:1: W293 blank line contains whitespace

./launch/minimal_pubsub_launch.py:43:100: E501 line too long (126 &gt; 99 characters)

./launch/minimal_pubsub_launch.py:45:100: E501 line too long (145 &gt; 99 characters)

./launch/minimal_pubsub_launch.py:53:100: E501 line too long (149 &gt; 99 characters)


2 files checked
7 errors

'E'-type errors: 6
'W'-type errors: 1

Checked files:

* ./launch/ros_bag_launch.py
* ./launch/minimal_pubsub_launch.py
-- run_test.py: return code 1
-- run_test.py: verify result file '/home/bhavana/my_beginner_tutorials/build/beginner_tutorials/test_results/beginner_tutorials/flake8.xunit.xml'
</Value>
				</Measurement>
			</Results>
			<Labels>
				<Label>flake8</Label>
				<Label>linter</Label>
			</Labels>
		</Test>
		<Test Status="passed">
			<Name>lint_cmake</Name>
			<Path>.</Path>
			<FullName>./lint_cmake</FullName>
			<FullCommandLine>/usr/bin/python3 "-u" "/opt/ros/humble/share/ament_cmake_test/cmake/run_test.py" "/home/bhavana/my_beginner_tutorials/build/beginner_tutorials/test_results/beginner_tutorials/lint_cmake.xunit.xml" "--package-name" "beginner_tutorials" "--output-file" "/home/bhavana/my_beginner_tutorials/build/beginner_tutorials/ament_lint_cmake/lint_cmake.txt" "--command" "/opt/ros/humble/bin/ament_lint_cmake" "--xunit-file" "/home/bhavana/my_beginner_tutorials/build/beginner_tutorials/test_results/beginner_tutorials/lint_cmake.xunit.xml"</FullCommandLine>
			<Results>
				<NamedMeasurement type="numeric/double" name="Execution Time">
					<Value>0.0995373</Value>
				</NamedMeasurement>
				<NamedMeasurement type="numeric/double" name="Processors">
					<Value>1</Value>
				</NamedMeasurement>
				<NamedMeasurement type="text/string" name="Completion Status">
					<Value>Completed</Value>
				</NamedMeasurement>
				<NamedMeasurement type="text/string" name="Command Line">
					<Value>/usr/bin/python3 "-u" "/opt/ros/humble/share/ament_cmake_test/cmake/run_test.py" "/home/bhavana/my_beginner_tutorials/build/beginner_tutorials/test_results/beginner_tutorials/lint_cmake.xunit.xml" "--package-name" "beginner_tutorials" "--output-file" "/home/bhavana/my_beginner_tutorials/build/beginner_tutorials/ament_lint_cmake/lint_cmake.txt" "--command" "/opt/ros/humble/bin/ament_lint_cmake" "--xunit-file" "/home/bhavana/my_beginner_tutorials/build/beginner_tutorials/test_results/beginner_tutorials/lint_cmake.xunit.xml"</Value>
				</NamedMeasurement>
				<NamedMeasurement type="text/string" name="Environment">
					<Value>#CTEST_RESOURCE_GROUP_COUNT=</Value>
				</NamedMeasurement>
				<Measurement>
					<Value>-- run_test.py: invoking following command in '/home/bhavana/my_beginner_tutorials/src/beginner_tutorials':
 - /opt/ros/humble/bin/ament_lint_cmake --xunit-file /home/bhavana/my_beginner_tutorials/build/beginner_tutorials/test_results/beginner_tutorials/lint_cmake.xunit.xml

No problems found
-- run_test.py: return code 0
-- run_test.py: verify result file '/home/bhavana/my_beginner_tutorials/build/beginner_tutorials/test_results/beginner_tutorials/lint_cmake.xunit.xml'
</Value>
				</Measurement>
			</Results>
			<Labels>
				<Label>lint_cmake</Label>
				<Label>linter</Label>
			</Labels>
		</Test>
		<Test Status="failed">
			<Name>pep257</Name>
			<Path>.</Path>
			<FullName>./pep257</FullName>
			<FullCommandLine>/usr/bin/python3 "-u" "/opt/ros/humble/share/ament_cmake_test/cmake/run_test.py" "/home/bhavana/my_beginner_tutorials/build/beginner_tutorials/test_results/beginner_tutorials/pep257.xunit.xml" "--package-name" "beginner_tutorials" "--output-file" "/home/bhavana/my_beginner_tutorials/build/beginner_tutorials/ament_pep257/pep257.txt" "--command" "/opt/ros/humble/bin/ament_pep257" "--xunit-file" "/home/bhavana/my_beginner_tutorials/build/beginner_tutorials/test_results/beginner_tutorials/pep257.xunit.xml"</FullCommandLine>
			<Results>
				<NamedMeasurement type="text/string" name="Exit Code">
					<Value>Failed</Value>
				</NamedMeasurement>
				<NamedMeasurement type="text/string" name="Exit Value">
					<Value>1</Value>
				</NamedMeasurement>
				<NamedMeasurement type="numeric/double" name="Execution Time">
					<Value>0.142039</Value>
				</NamedMeasurement>
				<NamedMeasurement type="numeric/double" name="Processors">
					<Value>1</Value>
				</NamedMeasurement>
				<NamedMeasurement type="text/string" name="Completion Status">
					<Value>Completed</Value>
				</NamedMeasurement>
				<NamedMeasurement type="text/string" name="Command Line">
					<Value>/usr/bin/python3 "-u" "/opt/ros/humble/share/ament_cmake_test/cmake/run_test.py" "/home/bhavana/my_beginner_tutorials/build/beginner_tutorials/test_results/beginner_tutorials/pep257.xunit.xml" "--package-name" "beginner_tutorials" "--output-file" "/home/bhavana/my_beginner_tutorials/build/beginner_tutorials/ament_pep257/pep257.txt" "--command" "/opt/ros/humble/bin/ament_pep257" "--xunit-file" "/home/bhavana/my_beginner_tutorials/build/beginner_tutorials/test_results/beginner_tutorials/pep257.xunit.xml"</Value>
				</NamedMeasurement>
				<NamedMeasurement type="text/string" name="Environment">
					<Value>#CTEST_RESOURCE_GROUP_COUNT=</Value>
				</NamedMeasurement>
				<Measurement>
					<Value>-- run_test.py: invoking following command in '/home/bhavana/my_beginner_tutorials/src/beginner_tutorials':
 - /opt/ros/humble/bin/ament_pep257 --xunit-file /home/bhavana/my_beginner_tutorials/build/beginner_tutorials/test_results/beginner_tutorials/pep257.xunit.xml
checking ./launch/minimal_pubsub_launch.py
./launch/minimal_pubsub_launch.py:7 in public function `generate_launch_description`: D401: First line should be in imperative mood (perhaps 'Generate', not 'Generates')
checking ./launch/ros_bag_launch.py
1 errors
-- run_test.py: return code 1
-- run_test.py: verify result file '/home/bhavana/my_beginner_tutorials/build/beginner_tutorials/test_results/beginner_tutorials/pep257.xunit.xml'
</Value>
				</Measurement>
			</Results>
			<Labels>
				<Label>linter</Label>
				<Label>pep257</Label>
			</Labels>
		</Test>
		<Test Status="passed">
			<Name>uncrustify</Name>
			<Path>.</Path>
			<FullName>./uncrustify</FullName>
			<FullCommandLine>/usr/bin/python3 "-u" "/opt/ros/humble/share/ament_cmake_test/cmake/run_test.py" "/home/bhavana/my_beginner_tutorials/build/beginner_tutorials/test_results/beginner_tutorials/uncrustify.xunit.xml" "--package-name" "beginner_tutorials" "--output-file" "/home/bhavana/my_beginner_tutorials/build/beginner_tutorials/ament_uncrustify/uncrustify.txt" "--command" "/opt/ros/humble/bin/ament_uncrustify" "--xunit-file" "/home/bhavana/my_beginner_tutorials/build/beginner_tutorials/test_results/beginner_tutorials/uncrustify.xunit.xml"</FullCommandLine>
			<Results>
				<NamedMeasurement type="numeric/double" name="Execution Time">
					<Value>0.112172</Value>
				</NamedMeasurement>
				<NamedMeasurement type="numeric/double" name="Processors">
					<Value>1</Value>
				</NamedMeasurement>
				<NamedMeasurement type="text/string" name="Completion Status">
					<Value>Completed</Value>
				</NamedMeasurement>
				<NamedMeasurement type="text/string" name="Command Line">
					<Value>/usr/bin/python3 "-u" "/opt/ros/humble/share/ament_cmake_test/cmake/run_test.py" "/home/bhavana/my_beginner_tutorials/build/beginner_tutorials/test_results/beginner_tutorials/uncrustify.xunit.xml" "--package-name" "beginner_tutorials" "--output-file" "/home/bhavana/my_beginner_tutorials/build/beginner_tutorials/ament_uncrustify/uncrustify.txt" "--command" "/opt/ros/humble/bin/ament_uncrustify" "--xunit-file" "/home/bhavana/my_beginner_tutorials/build/beginner_tutorials/test_results/beginner_tutorials/uncrustify.xunit.xml"</Value>
				</NamedMeasurement>
				<NamedMeasurement type="text/string" name="Environment">
					<Value>#CTEST_RESOURCE_GROUP_COUNT=</Value>
				</NamedMeasurement>
				<Measurement>
					<Value>-- run_test.py: invoking following command in '/home/bhavana/my_beginner_tutorials/src/beginner_tutorials':
 - /opt/ros/humble/bin/ament_uncrustify --xunit-file /home/bhavana/my_beginner_tutorials/build/beginner_tutorials/test_results/beginner_tutorials/uncrustify.xunit.xml
No code style divergence in file 'src/publisher_member_function.cpp'

No code style divergence in file 'src/subscriber_member_function.cpp'

No code style divergence in file 'test/test_talker.cpp'

No problems found
-- run_test.py: return code 0
-- run_test.py: verify result file '/home/bhavana/my_beginner_tutorials/build/beginner_tutorials/test_results/beginner_tutorials/uncrustify.xunit.xml'
</Value>
				</Measurement>
			</Results>
			<Labels>
				<Label>linter</Label>
				<Label>uncrustify</Label>
			</Labels>
		</Test>
		<Test Status="passed">
			<Name>xmllint</Name>
			<Path>.</Path>
			<FullName>./xmllint</FullName>
			<FullCommandLine>/usr/bin/python3 "-u" "/opt/ros/humble/share/ament_cmake_test/cmake/run_test.py" "/home/bhavana/my_beginner_tutorials/build/beginner_tutorials/test_results/beginner_tutorials/xmllint.xunit.xml" "--package-name" "beginner_tutorials" "--output-file" "/home/bhavana/my_beginner_tutorials/build/beginner_tutorials/ament_xmllint/xmllint.txt" "--command" "/opt/ros/humble/bin/ament_xmllint" "--xunit-file" "/home/bhavana/my_beginner_tutorials/build/beginner_tutorials/test_results/beginner_tutorials/xmllint.xunit.xml"</FullCommandLine>
			<Results>
				<NamedMeasurement type="numeric/double" name="Execution Time">
					<Value>0.498995</Value>
				</NamedMeasurement>
				<NamedMeasurement type="numeric/double" name="Processors">
					<Value>1</Value>
				</NamedMeasurement>
				<NamedMeasurement type="text/string" name="Completion Status">
					<Value>Completed</Value>
				</NamedMeasurement>
				<NamedMeasurement type="text/string" name="Command Line">
					<Value>/usr/bin/python3 "-u" "/opt/ros/humble/share/ament_cmake_test/cmake/run_test.py" "/home/bhavana/my_beginner_tutorials/build/beginner_tutorials/test_results/beginner_tutorials/xmllint.xunit.xml" "--package-name" "beginner_tutorials" "--output-file" "/home/bhavana/my_beginner_tutorials/build/beginner_tutorials/ament_xmllint/xmllint.txt" "--command" "/opt/ros/humble/bin/ament_xmllint" "--xunit-file" "/home/bhavana/my_beginner_tutorials/build/beginner_tutorials/test_results/beginner_tutorials/xmllint.xunit.xml"</Value>
				</NamedMeasurement>
				<NamedMeasurement type="text/string" name="Environment">
					<Value>#CTEST_RESOURCE_GROUP_COUNT=</Value>
				</NamedMeasurement>
				<Measurement>
					<Value>-- run_test.py: invoking following command in '/home/bhavana/my_beginner_tutorials/src/beginner_tutorials':
 - /opt/ros/humble/bin/ament_xmllint --xunit-file /home/bhavana/my_beginner_tutorials/build/beginner_tutorials/test_results/beginner_tutorials/xmllint.xunit.xml
File 'package.xml' is valid

No problems found
-- run_test.py: return code 0
-- run_test.py: verify result file '/home/bhavana/my_beginner_tutorials/build/beginner_tutorials/test_results/beginner_tutorials/xmllint.xunit.xml'
</Value>
				</Measurement>
			</Results>
			<Labels>
				<Label>linter</Label>
				<Label>xmllint</Label>
			</Labels>
		</Test>
		<EndDateTime>Nov 15 16:47 EST</EndDateTime>
		<EndTestTime>1731707271</EndTestTime>
		<ElapsedMinutes>0</ElapsedMinutes>
	</Testing>
</Site>
