Start testing: Nov 15 16:47 EST
----------------------------------------------------------
1/6 Testing: cppcheck
1/6 Test: cppcheck
Command: "/usr/bin/python3" "-u" "/opt/ros/humble/share/ament_cmake_test/cmake/run_test.py" "/home/bhavana/my_beginner_tutorials/build/beginner_tutorials/test_results/beginner_tutorials/cppcheck.xunit.xml" "--package-name" "beginner_tutorials" "--output-file" "/home/bhavana/my_beginner_tutorials/build/beginner_tutorials/ament_cppcheck/cppcheck.txt" "--command" "/opt/ros/humble/bin/ament_cppcheck" "--xunit-file" "/home/bhavana/my_beginner_tutorials/build/beginner_tutorials/test_results/beginner_tutorials/cppcheck.xunit.xml"
Directory: /home/bhavana/my_beginner_tutorials/src/beginner_tutorials
"cppcheck" start time: Nov 15 16:47 EST
Output:
----------------------------------------------------------
-- run_test.py: invoking following command in '/home/bhavana/my_beginner_tutorials/src/beginner_tutorials':
 - /opt/ros/humble/bin/ament_cppcheck --xunit-file /home/bhavana/my_beginner_tutorials/build/beginner_tutorials/test_results/beginner_tutorials/cppcheck.xunit.xml
cppcheck 2.7 has known performance issues and therefore will not be used, set the AMENT_CPPCHECK_ALLOW_SLOW_VERSIONS environment variable to override this.
-- run_test.py: return code 0
-- run_test.py: verify result file '/home/bhavana/my_beginner_tutorials/build/beginner_tutorials/test_results/beginner_tutorials/cppcheck.xunit.xml'
<end of output>
Test time =   0.11 sec
----------------------------------------------------------
Test Passed.
"cppcheck" end time: Nov 15 16:47 EST
"cppcheck" time elapsed: 00:00:00
----------------------------------------------------------

2/6 Testing: flake8
2/6 Test: flake8
Command: "/usr/bin/python3" "-u" "/opt/ros/humble/share/ament_cmake_test/cmake/run_test.py" "/home/bhavana/my_beginner_tutorials/build/beginner_tutorials/test_results/beginner_tutorials/flake8.xunit.xml" "--package-name" "beginner_tutorials" "--output-file" "/home/bhavana/my_beginner_tutorials/build/beginner_tutorials/ament_flake8/flake8.txt" "--command" "/opt/ros/humble/bin/ament_flake8" "--xunit-file" "/home/bhavana/my_beginner_tutorials/build/beginner_tutorials/test_results/beginner_tutorials/flake8.xunit.xml"
Directory: /home/bhavana/my_beginner_tutorials/src/beginner_tutorials
"flake8" start time: Nov 15 16:47 EST
Output:
----------------------------------------------------------
-- run_test.py: invoking following command in '/home/bhavana/my_beginner_tutorials/src/beginner_tutorials':
 - /opt/ros/humble/bin/ament_flake8 --xunit-file /home/bhavana/my_beginner_tutorials/build/beginner_tutorials/test_results/beginner_tutorials/flake8.xunit.xml
def generate_launch_description():
^
    """
    Generates the launch description for the Talker and Listener nodes.

    This function defines the launch configuration for two nodes in the ROS2 system:
    - Talker Node: Publishes messages at a specified frequency.
    - Listener Node: Subscribes to the Talker node's messages and logs them at the specified log level.

    The log levels for both nodes are configurable via launch arguments, with default values set to 'INFO'.
    
    @return LaunchDescription: The launch description for the ROS2 nodes.
    """
       
                                                                       

                  ^
    """
    Generates the launch description for the Talker and Listener nodes.

    This function defines the launch configuration for two nodes in the ROS2 system:
    - Talker Node: Publishes messages at a specified frequency.
    - Listener Node: Subscribes to the Talker node's messages and logs them at the specified log level.

    The log levels for both nodes are configurable via launch arguments, with default values set to 'INFO'.
    
    @return LaunchDescription: The launch description for the ROS2 nodes.
    """
       
                                                                       

                  ^
    """
    Generates the launch description for the Talker and Listener nodes.

    This function defines the launch configuration for two nodes in the ROS2 system:
    - Talker Node: Publishes messages at a specified frequency.
    - Listener Node: Subscribes to the Talker node's messages and logs them at the specified log level.

    The log levels for both nodes are configurable via launch arguments, with default values set to 'INFO'.
    
    @return LaunchDescription: The launch description for the ROS2 nodes.
    """
^
                'publish_frequency': LaunchConfiguration('publish_frequency')  # The frequency at which messages are published
                                                                                                   ^
            arguments=['--ros-args', '--log-level', LaunchConfiguration('log_level_talker')]  # Argument to set the log level for the Talker node
                                                                                                   ^
            arguments=['--ros-args', '--log-level', LaunchConfiguration('log_level_listener')]  # Argument to set the log level for the Listener node
                                                                                                   ^
1     E302 expected 2 blank lines, found 1
5     E501 line too long (103 > 99 characters)
1     W293 blank line contains whitespace

./launch/minimal_pubsub_launch.py:6:1: E302 expected 2 blank lines, found 1

./launch/minimal_pubsub_launch.py:12:100: E501 line too long (103 > 99 characters)

./launch/minimal_pubsub_launch.py:14:100: E501 line too long (107 > 99 characters)

./launch/minimal_pubsub_launch.py:15:1: W293 blank line contains whitespace

./launch/minimal_pubsub_launch.py:43:100: E501 line too long (126 > 99 characters)

./launch/minimal_pubsub_launch.py:45:100: E501 line too long (145 > 99 characters)

./launch/minimal_pubsub_launch.py:53:100: E501 line too long (149 > 99 characters)


2 files checked
7 errors

'E'-type errors: 6
'W'-type errors: 1

Checked files:

* ./launch/ros_bag_launch.py
* ./launch/minimal_pubsub_launch.py
-- run_test.py: return code 1
-- run_test.py: verify result file '/home/bhavana/my_beginner_tutorials/build/beginner_tutorials/test_results/beginner_tutorials/flake8.xunit.xml'
<end of output>
Test time =   0.18 sec
----------------------------------------------------------
Test Failed.
"flake8" end time: Nov 15 16:47 EST
"flake8" time elapsed: 00:00:00
----------------------------------------------------------

3/6 Testing: lint_cmake
3/6 Test: lint_cmake
Command: "/usr/bin/python3" "-u" "/opt/ros/humble/share/ament_cmake_test/cmake/run_test.py" "/home/bhavana/my_beginner_tutorials/build/beginner_tutorials/test_results/beginner_tutorials/lint_cmake.xunit.xml" "--package-name" "beginner_tutorials" "--output-file" "/home/bhavana/my_beginner_tutorials/build/beginner_tutorials/ament_lint_cmake/lint_cmake.txt" "--command" "/opt/ros/humble/bin/ament_lint_cmake" "--xunit-file" "/home/bhavana/my_beginner_tutorials/build/beginner_tutorials/test_results/beginner_tutorials/lint_cmake.xunit.xml"
Directory: /home/bhavana/my_beginner_tutorials/src/beginner_tutorials
"lint_cmake" start time: Nov 15 16:47 EST
Output:
----------------------------------------------------------
-- run_test.py: invoking following command in '/home/bhavana/my_beginner_tutorials/src/beginner_tutorials':
 - /opt/ros/humble/bin/ament_lint_cmake --xunit-file /home/bhavana/my_beginner_tutorials/build/beginner_tutorials/test_results/beginner_tutorials/lint_cmake.xunit.xml

No problems found
-- run_test.py: return code 0
-- run_test.py: verify result file '/home/bhavana/my_beginner_tutorials/build/beginner_tutorials/test_results/beginner_tutorials/lint_cmake.xunit.xml'
<end of output>
Test time =   0.10 sec
----------------------------------------------------------
Test Passed.
"lint_cmake" end time: Nov 15 16:47 EST
"lint_cmake" time elapsed: 00:00:00
----------------------------------------------------------

4/6 Testing: pep257
4/6 Test: pep257
Command: "/usr/bin/python3" "-u" "/opt/ros/humble/share/ament_cmake_test/cmake/run_test.py" "/home/bhavana/my_beginner_tutorials/build/beginner_tutorials/test_results/beginner_tutorials/pep257.xunit.xml" "--package-name" "beginner_tutorials" "--output-file" "/home/bhavana/my_beginner_tutorials/build/beginner_tutorials/ament_pep257/pep257.txt" "--command" "/opt/ros/humble/bin/ament_pep257" "--xunit-file" "/home/bhavana/my_beginner_tutorials/build/beginner_tutorials/test_results/beginner_tutorials/pep257.xunit.xml"
Directory: /home/bhavana/my_beginner_tutorials/src/beginner_tutorials
"pep257" start time: Nov 15 16:47 EST
Output:
----------------------------------------------------------
-- run_test.py: invoking following command in '/home/bhavana/my_beginner_tutorials/src/beginner_tutorials':
 - /opt/ros/humble/bin/ament_pep257 --xunit-file /home/bhavana/my_beginner_tutorials/build/beginner_tutorials/test_results/beginner_tutorials/pep257.xunit.xml
checking ./launch/minimal_pubsub_launch.py
./launch/minimal_pubsub_launch.py:7 in public function `generate_launch_description`: D401: First line should be in imperative mood (perhaps 'Generate', not 'Generates')
checking ./launch/ros_bag_launch.py
1 errors
-- run_test.py: return code 1
-- run_test.py: verify result file '/home/bhavana/my_beginner_tutorials/build/beginner_tutorials/test_results/beginner_tutorials/pep257.xunit.xml'
<end of output>
Test time =   0.14 sec
----------------------------------------------------------
Test Failed.
"pep257" end time: Nov 15 16:47 EST
"pep257" time elapsed: 00:00:00
----------------------------------------------------------

5/6 Testing: uncrustify
5/6 Test: uncrustify
Command: "/usr/bin/python3" "-u" "/opt/ros/humble/share/ament_cmake_test/cmake/run_test.py" "/home/bhavana/my_beginner_tutorials/build/beginner_tutorials/test_results/beginner_tutorials/uncrustify.xunit.xml" "--package-name" "beginner_tutorials" "--output-file" "/home/bhavana/my_beginner_tutorials/build/beginner_tutorials/ament_uncrustify/uncrustify.txt" "--command" "/opt/ros/humble/bin/ament_uncrustify" "--xunit-file" "/home/bhavana/my_beginner_tutorials/build/beginner_tutorials/test_results/beginner_tutorials/uncrustify.xunit.xml"
Directory: /home/bhavana/my_beginner_tutorials/src/beginner_tutorials
"uncrustify" start time: Nov 15 16:47 EST
Output:
----------------------------------------------------------
-- run_test.py: invoking following command in '/home/bhavana/my_beginner_tutorials/src/beginner_tutorials':
 - /opt/ros/humble/bin/ament_uncrustify --xunit-file /home/bhavana/my_beginner_tutorials/build/beginner_tutorials/test_results/beginner_tutorials/uncrustify.xunit.xml
No code style divergence in file 'src/publisher_member_function.cpp'

No code style divergence in file 'src/subscriber_member_function.cpp'

No code style divergence in file 'test/test_talker.cpp'

No problems found
-- run_test.py: return code 0
-- run_test.py: verify result file '/home/bhavana/my_beginner_tutorials/build/beginner_tutorials/test_results/beginner_tutorials/uncrustify.xunit.xml'
<end of output>
Test time =   0.11 sec
----------------------------------------------------------
Test Passed.
"uncrustify" end time: Nov 15 16:47 EST
"uncrustify" time elapsed: 00:00:00
----------------------------------------------------------

6/6 Testing: xmllint
6/6 Test: xmllint
Command: "/usr/bin/python3" "-u" "/opt/ros/humble/share/ament_cmake_test/cmake/run_test.py" "/home/bhavana/my_beginner_tutorials/build/beginner_tutorials/test_results/beginner_tutorials/xmllint.xunit.xml" "--package-name" "beginner_tutorials" "--output-file" "/home/bhavana/my_beginner_tutorials/build/beginner_tutorials/ament_xmllint/xmllint.txt" "--command" "/opt/ros/humble/bin/ament_xmllint" "--xunit-file" "/home/bhavana/my_beginner_tutorials/build/beginner_tutorials/test_results/beginner_tutorials/xmllint.xunit.xml"
Directory: /home/bhavana/my_beginner_tutorials/src/beginner_tutorials
"xmllint" start time: Nov 15 16:47 EST
Output:
----------------------------------------------------------
-- run_test.py: invoking following command in '/home/bhavana/my_beginner_tutorials/src/beginner_tutorials':
 - /opt/ros/humble/bin/ament_xmllint --xunit-file /home/bhavana/my_beginner_tutorials/build/beginner_tutorials/test_results/beginner_tutorials/xmllint.xunit.xml
File 'package.xml' is valid

No problems found
-- run_test.py: return code 0
-- run_test.py: verify result file '/home/bhavana/my_beginner_tutorials/build/beginner_tutorials/test_results/beginner_tutorials/xmllint.xunit.xml'
<end of output>
Test time =   0.50 sec
----------------------------------------------------------
Test Passed.
"xmllint" end time: Nov 15 16:47 EST
"xmllint" time elapsed: 00:00:00
----------------------------------------------------------

End testing: Nov 15 16:47 EST

cppcheck =   0.11 sec*proc

flake8 =   0.18 sec*proc

lint_cmake =   0.10 sec*proc

linter =   1.14 sec*proc

pep257 =   0.14 sec*proc

uncrustify =   0.11 sec*proc

xmllint =   0.50 sec*proc

