Start testing: Nov 15 19:38 EST
----------------------------------------------------------
1/6 Testing: cppcheck
1/6 Test: cppcheck
Command: "/usr/bin/python3" "-u" "/opt/ros/humble/share/ament_cmake_test/cmake/run_test.py" "/home/bhavana/my_beginner_tutorials/build/beginner_tutorials/test_results/beginner_tutorials/cppcheck.xunit.xml" "--package-name" "beginner_tutorials" "--output-file" "/home/bhavana/my_beginner_tutorials/build/beginner_tutorials/ament_cppcheck/cppcheck.txt" "--command" "/opt/ros/humble/bin/ament_cppcheck" "--xunit-file" "/home/bhavana/my_beginner_tutorials/build/beginner_tutorials/test_results/beginner_tutorials/cppcheck.xunit.xml"
Directory: /home/bhavana/my_beginner_tutorials/src/beginner_tutorials
"cppcheck" start time: Nov 15 19:38 EST
Output:
----------------------------------------------------------
-- run_test.py: invoking following command in '/home/bhavana/my_beginner_tutorials/src/beginner_tutorials':
 - /opt/ros/humble/bin/ament_cppcheck --xunit-file /home/bhavana/my_beginner_tutorials/build/beginner_tutorials/test_results/beginner_tutorials/cppcheck.xunit.xml
cppcheck 2.7 has known performance issues and therefore will not be used, set the AMENT_CPPCHECK_ALLOW_SLOW_VERSIONS environment variable to override this.
-- run_test.py: return code 0
-- run_test.py: verify result file '/home/bhavana/my_beginner_tutorials/build/beginner_tutorials/test_results/beginner_tutorials/cppcheck.xunit.xml'
<end of output>
Test time =   0.11 sec
----------------------------------------------------------
Test Passed.
"cppcheck" end time: Nov 15 19:38 EST
"cppcheck" time elapsed: 00:00:00
----------------------------------------------------------

2/6 Testing: flake8
2/6 Test: flake8
Command: "/usr/bin/python3" "-u" "/opt/ros/humble/share/ament_cmake_test/cmake/run_test.py" "/home/bhavana/my_beginner_tutorials/build/beginner_tutorials/test_results/beginner_tutorials/flake8.xunit.xml" "--package-name" "beginner_tutorials" "--output-file" "/home/bhavana/my_beginner_tutorials/build/beginner_tutorials/ament_flake8/flake8.txt" "--command" "/opt/ros/humble/bin/ament_flake8" "--xunit-file" "/home/bhavana/my_beginner_tutorials/build/beginner_tutorials/test_results/beginner_tutorials/flake8.xunit.xml"
Directory: /home/bhavana/my_beginner_tutorials/src/beginner_tutorials
"flake8" start time: Nov 15 19:38 EST
Output:
----------------------------------------------------------
-- run_test.py: invoking following command in '/home/bhavana/my_beginner_tutorials/src/beginner_tutorials':
 - /opt/ros/humble/bin/ament_flake8 --xunit-file /home/bhavana/my_beginner_tutorials/build/beginner_tutorials/test_results/beginner_tutorials/flake8.xunit.xml

2 files checked
No problems found

Checked files:

* ./launch/ros_bag_launch.py
* ./launch/minimal_pubsub_launch.py
-- run_test.py: return code 0
-- run_test.py: verify result file '/home/bhavana/my_beginner_tutorials/build/beginner_tutorials/test_results/beginner_tutorials/flake8.xunit.xml'
<end of output>
Test time =   0.20 sec
----------------------------------------------------------
Test Passed.
"flake8" end time: Nov 15 19:38 EST
"flake8" time elapsed: 00:00:00
----------------------------------------------------------

3/6 Testing: lint_cmake
3/6 Test: lint_cmake
Command: "/usr/bin/python3" "-u" "/opt/ros/humble/share/ament_cmake_test/cmake/run_test.py" "/home/bhavana/my_beginner_tutorials/build/beginner_tutorials/test_results/beginner_tutorials/lint_cmake.xunit.xml" "--package-name" "beginner_tutorials" "--output-file" "/home/bhavana/my_beginner_tutorials/build/beginner_tutorials/ament_lint_cmake/lint_cmake.txt" "--command" "/opt/ros/humble/bin/ament_lint_cmake" "--xunit-file" "/home/bhavana/my_beginner_tutorials/build/beginner_tutorials/test_results/beginner_tutorials/lint_cmake.xunit.xml"
Directory: /home/bhavana/my_beginner_tutorials/src/beginner_tutorials
"lint_cmake" start time: Nov 15 19:38 EST
Output:
----------------------------------------------------------
-- run_test.py: invoking following command in '/home/bhavana/my_beginner_tutorials/src/beginner_tutorials':
 - /opt/ros/humble/bin/ament_lint_cmake --xunit-file /home/bhavana/my_beginner_tutorials/build/beginner_tutorials/test_results/beginner_tutorials/lint_cmake.xunit.xml

No problems found
-- run_test.py: return code 0
-- run_test.py: verify result file '/home/bhavana/my_beginner_tutorials/build/beginner_tutorials/test_results/beginner_tutorials/lint_cmake.xunit.xml'
<end of output>
Test time =   0.10 sec
----------------------------------------------------------
Test Passed.
"lint_cmake" end time: Nov 15 19:38 EST
"lint_cmake" time elapsed: 00:00:00
----------------------------------------------------------

4/6 Testing: pep257
4/6 Test: pep257
Command: "/usr/bin/python3" "-u" "/opt/ros/humble/share/ament_cmake_test/cmake/run_test.py" "/home/bhavana/my_beginner_tutorials/build/beginner_tutorials/test_results/beginner_tutorials/pep257.xunit.xml" "--package-name" "beginner_tutorials" "--output-file" "/home/bhavana/my_beginner_tutorials/build/beginner_tutorials/ament_pep257/pep257.txt" "--command" "/opt/ros/humble/bin/ament_pep257" "--xunit-file" "/home/bhavana/my_beginner_tutorials/build/beginner_tutorials/test_results/beginner_tutorials/pep257.xunit.xml"
Directory: /home/bhavana/my_beginner_tutorials/src/beginner_tutorials
"pep257" start time: Nov 15 19:38 EST
Output:
----------------------------------------------------------
-- run_test.py: invoking following command in '/home/bhavana/my_beginner_tutorials/src/beginner_tutorials':
 - /opt/ros/humble/bin/ament_pep257 --xunit-file /home/bhavana/my_beginner_tutorials/build/beginner_tutorials/test_results/beginner_tutorials/pep257.xunit.xml
checking ./launch/minimal_pubsub_launch.py
./launch/minimal_pubsub_launch.py:8 in public function `generate_launch_description`: D202: No blank lines allowed after function docstring (found 1)
./launch/minimal_pubsub_launch.py:8 in public function `generate_launch_description`: D407: Missing dashed underline after section ('Returns')
./launch/minimal_pubsub_launch.py:8 in public function `generate_launch_description`: D406: Section name should end with a newline ('Returns', not 'Returns:')
checking ./launch/ros_bag_launch.py
./launch/ros_bag_launch.py:12 in public function `generate_launch_description`: D202: No blank lines allowed after function docstring (found 1)
./launch/ros_bag_launch.py:12 in public function `generate_launch_description`: D205: 1 blank line required between summary line and description (found 0)
./launch/ros_bag_launch.py:12 in public function `generate_launch_description`: D400: First line should end with a period (not 'd')
./launch/ros_bag_launch.py:12 in public function `generate_launch_description`: D415: First line should end with a period, question mark, or exclamation point (not 'd')
./launch/ros_bag_launch.py:12 in public function `generate_launch_description`: D407: Missing dashed underline after section ('Returns')
./launch/ros_bag_launch.py:12 in public function `generate_launch_description`: D406: Section name should end with a newline ('Returns', not 'Returns:')
9 errors
-- run_test.py: return code 1
-- run_test.py: verify result file '/home/bhavana/my_beginner_tutorials/build/beginner_tutorials/test_results/beginner_tutorials/pep257.xunit.xml'
<end of output>
Test time =   0.15 sec
----------------------------------------------------------
Test Failed.
"pep257" end time: Nov 15 19:38 EST
"pep257" time elapsed: 00:00:00
----------------------------------------------------------

5/6 Testing: uncrustify
5/6 Test: uncrustify
Command: "/usr/bin/python3" "-u" "/opt/ros/humble/share/ament_cmake_test/cmake/run_test.py" "/home/bhavana/my_beginner_tutorials/build/beginner_tutorials/test_results/beginner_tutorials/uncrustify.xunit.xml" "--package-name" "beginner_tutorials" "--output-file" "/home/bhavana/my_beginner_tutorials/build/beginner_tutorials/ament_uncrustify/uncrustify.txt" "--command" "/opt/ros/humble/bin/ament_uncrustify" "--xunit-file" "/home/bhavana/my_beginner_tutorials/build/beginner_tutorials/test_results/beginner_tutorials/uncrustify.xunit.xml"
Directory: /home/bhavana/my_beginner_tutorials/src/beginner_tutorials
"uncrustify" start time: Nov 15 19:38 EST
Output:
----------------------------------------------------------
-- run_test.py: invoking following command in '/home/bhavana/my_beginner_tutorials/src/beginner_tutorials':
 - /opt/ros/humble/bin/ament_uncrustify --xunit-file /home/bhavana/my_beginner_tutorials/build/beginner_tutorials/test_results/beginner_tutorials/uncrustify.xunit.xml
No code style divergence in file 'src/publisher_member_function.cpp'

No code style divergence in file 'src/subscriber_member_function.cpp'

No code style divergence in file 'test/test_talker.cpp'

No problems found
-- run_test.py: return code 0
-- run_test.py: verify result file '/home/bhavana/my_beginner_tutorials/build/beginner_tutorials/test_results/beginner_tutorials/uncrustify.xunit.xml'
<end of output>
Test time =   0.11 sec
----------------------------------------------------------
Test Passed.
"uncrustify" end time: Nov 15 19:38 EST
"uncrustify" time elapsed: 00:00:00
----------------------------------------------------------

6/6 Testing: xmllint
6/6 Test: xmllint
Command: "/usr/bin/python3" "-u" "/opt/ros/humble/share/ament_cmake_test/cmake/run_test.py" "/home/bhavana/my_beginner_tutorials/build/beginner_tutorials/test_results/beginner_tutorials/xmllint.xunit.xml" "--package-name" "beginner_tutorials" "--output-file" "/home/bhavana/my_beginner_tutorials/build/beginner_tutorials/ament_xmllint/xmllint.txt" "--command" "/opt/ros/humble/bin/ament_xmllint" "--xunit-file" "/home/bhavana/my_beginner_tutorials/build/beginner_tutorials/test_results/beginner_tutorials/xmllint.xunit.xml"
Directory: /home/bhavana/my_beginner_tutorials/src/beginner_tutorials
"xmllint" start time: Nov 15 19:38 EST
Output:
----------------------------------------------------------
-- run_test.py: invoking following command in '/home/bhavana/my_beginner_tutorials/src/beginner_tutorials':
 - /opt/ros/humble/bin/ament_xmllint --xunit-file /home/bhavana/my_beginner_tutorials/build/beginner_tutorials/test_results/beginner_tutorials/xmllint.xunit.xml
File 'package.xml' is valid

No problems found
-- run_test.py: return code 0
-- run_test.py: verify result file '/home/bhavana/my_beginner_tutorials/build/beginner_tutorials/test_results/beginner_tutorials/xmllint.xunit.xml'
<end of output>
Test time =   0.58 sec
----------------------------------------------------------
Test Passed.
"xmllint" end time: Nov 15 19:38 EST
"xmllint" time elapsed: 00:00:00
----------------------------------------------------------

End testing: Nov 15 19:38 EST

cppcheck =   0.11 sec*proc

flake8 =   0.20 sec*proc

lint_cmake =   0.10 sec*proc

linter =   1.26 sec*proc

pep257 =   0.15 sec*proc

uncrustify =   0.11 sec*proc

xmllint =   0.58 sec*proc

